{"/home/keenan/Documents/js_class/twotter/app.js":{"path":"/home/keenan/Documents/js_class/twotter/app.js","s":{"1":1,"2":1,"3":1,"4":1,"5":1,"6":1,"7":1,"8":1,"9":1,"10":1,"11":1,"12":1,"13":1,"14":1,"15":1,"16":0,"17":0,"18":0,"19":0,"20":0,"21":0,"22":0,"23":0,"24":0,"25":0,"26":0,"27":0,"28":0,"29":0,"30":0,"31":0,"32":0,"33":1,"34":0,"35":0,"36":0,"37":0,"38":0,"39":0,"40":0,"41":0,"42":0,"43":0,"44":0,"45":0,"46":0,"47":1,"48":1,"49":1,"50":1,"51":1,"52":1,"53":1,"54":1,"55":1,"56":1,"57":1,"58":1,"59":0,"60":1,"61":0,"62":1,"63":1,"64":1,"65":0,"66":1,"67":1,"68":1,"69":1,"70":1,"71":1,"72":1,"73":1,"74":1,"75":0,"76":1,"77":1,"78":1,"79":1,"80":0,"81":0,"82":0,"83":1},"b":{"1":[0,0],"2":[0,0],"3":[0,0],"4":[0,0],"5":[0,0],"6":[0,0],"7":[0,0],"8":[0,0],"9":[0,1],"10":[1,1],"11":[0,0]},"f":{"1":0,"2":0,"3":0,"4":0,"5":0,"6":0,"7":0,"8":0,"9":0,"10":1,"11":1,"12":0},"fnMap":{"1":{"name":"(anonymous_1)","line":23,"loc":{"start":{"line":23,"column":2},"end":{"line":23,"column":53}}},"2":{"name":"(anonymous_2)","line":32,"loc":{"start":{"line":32,"column":39},"end":{"line":32,"column":58}}},"3":{"name":"(anonymous_3)","line":40,"loc":{"start":{"line":40,"column":17},"end":{"line":40,"column":35}}},"4":{"name":"(anonymous_4)","line":59,"loc":{"start":{"line":59,"column":1},"end":{"line":59,"column":35}}},"5":{"name":"(anonymous_5)","line":66,"loc":{"start":{"line":66,"column":39},"end":{"line":66,"column":58}}},"6":{"name":"(anonymous_6)","line":75,"loc":{"start":{"line":75,"column":17},"end":{"line":75,"column":35}}},"7":{"name":"(anonymous_7)","line":109,"loc":{"start":{"line":109,"column":23},"end":{"line":109,"column":44}}},"8":{"name":"(anonymous_8)","line":113,"loc":{"start":{"line":113,"column":25},"end":{"line":113,"column":46}}},"9":{"name":"(anonymous_9)","line":126,"loc":{"start":{"line":126,"column":2},"end":{"line":126,"column":21}}},"10":{"name":"(anonymous_10)","line":138,"loc":{"start":{"line":138,"column":80},"end":{"line":138,"column":93}}},"11":{"name":"(anonymous_11)","line":143,"loc":{"start":{"line":143,"column":17},"end":{"line":143,"column":28}}},"12":{"name":"ensureAuthenticated","line":147,"loc":{"start":{"line":147,"column":0},"end":{"line":147,"column":45}}}},"statementMap":{"1":{"start":{"line":1,"column":0},"end":{"line":1,"column":33}},"2":{"start":{"line":2,"column":0},"end":{"line":2,"column":27}},"3":{"start":{"line":3,"column":0},"end":{"line":3,"column":31}},"4":{"start":{"line":4,"column":0},"end":{"line":4,"column":44}},"5":{"start":{"line":5,"column":0},"end":{"line":5,"column":40}},"6":{"start":{"line":6,"column":0},"end":{"line":6,"column":44}},"7":{"start":{"line":7,"column":0},"end":{"line":7,"column":35}},"8":{"start":{"line":8,"column":0},"end":{"line":8,"column":35}},"9":{"start":{"line":9,"column":0},"end":{"line":9,"column":61}},"10":{"start":{"line":10,"column":0},"end":{"line":10,"column":55}},"11":{"start":{"line":11,"column":0},"end":{"line":11,"column":41}},"12":{"start":{"line":12,"column":0},"end":{"line":12,"column":41}},"13":{"start":{"line":14,"column":0},"end":{"line":14,"column":29}},"14":{"start":{"line":15,"column":0},"end":{"line":15,"column":38}},"15":{"start":{"line":17,"column":0},"end":{"line":55,"column":3}},"16":{"start":{"line":24,"column":3},"end":{"line":24,"column":47}},"17":{"start":{"line":25,"column":3},"end":{"line":25,"column":38}},"18":{"start":{"line":26,"column":3},"end":{"line":26,"column":72}},"19":{"start":{"line":27,"column":3},"end":{"line":27,"column":57}},"20":{"start":{"line":29,"column":3},"end":{"line":52,"column":2}},"21":{"start":{"line":30,"column":5},"end":{"line":30,"column":30}},"22":{"start":{"line":32,"column":4},"end":{"line":51,"column":5}},"23":{"start":{"line":34,"column":5},"end":{"line":34,"column":30}},"24":{"start":{"line":34,"column":13},"end":{"line":34,"column":30}},"25":{"start":{"line":35,"column":5},"end":{"line":50,"column":5}},"26":{"start":{"line":36,"column":8},"end":{"line":39,"column":9}},"27":{"start":{"line":40,"column":7},"end":{"line":46,"column":10}},"28":{"start":{"line":42,"column":9},"end":{"line":45,"column":11}},"29":{"start":{"line":42,"column":18},"end":{"line":42,"column":35}},"30":{"start":{"line":44,"column":12},"end":{"line":44,"column":55}},"31":{"start":{"line":49,"column":6},"end":{"line":49,"column":47}},"32":{"start":{"line":53,"column":4},"end":{"line":53,"column":25}},"33":{"start":{"line":58,"column":0},"end":{"line":90,"column":3}},"34":{"start":{"line":62,"column":2},"end":{"line":87,"column":2}},"35":{"start":{"line":63,"column":6},"end":{"line":63,"column":31}},"36":{"start":{"line":66,"column":4},"end":{"line":86,"column":5}},"37":{"start":{"line":68,"column":5},"end":{"line":68,"column":30}},"38":{"start":{"line":68,"column":13},"end":{"line":68,"column":30}},"39":{"start":{"line":69,"column":5},"end":{"line":85,"column":5}},"40":{"start":{"line":70,"column":8},"end":{"line":74,"column":9}},"41":{"start":{"line":75,"column":7},"end":{"line":81,"column":10}},"42":{"start":{"line":77,"column":9},"end":{"line":80,"column":11}},"43":{"start":{"line":77,"column":18},"end":{"line":77,"column":35}},"44":{"start":{"line":79,"column":12},"end":{"line":79,"column":55}},"45":{"start":{"line":84,"column":6},"end":{"line":84,"column":47}},"46":{"start":{"line":88,"column":4},"end":{"line":88,"column":25}},"47":{"start":{"line":92,"column":0},"end":{"line":92,"column":20}},"48":{"start":{"line":94,"column":0},"end":{"line":94,"column":58}},"49":{"start":{"line":95,"column":0},"end":{"line":95,"column":37}},"50":{"start":{"line":97,"column":0},"end":{"line":97,"column":23}},"51":{"start":{"line":98,"column":0},"end":{"line":98,"column":27}},"52":{"start":{"line":99,"column":0},"end":{"line":99,"column":50}},"53":{"start":{"line":100,"column":0},"end":{"line":100,"column":24}},"54":{"start":{"line":101,"column":0},"end":{"line":101,"column":56}},"55":{"start":{"line":102,"column":0},"end":{"line":104,"column":31}},"56":{"start":{"line":105,"column":0},"end":{"line":105,"column":31}},"57":{"start":{"line":106,"column":0},"end":{"line":106,"column":28}},"58":{"start":{"line":109,"column":0},"end":{"line":111,"column":3}},"59":{"start":{"line":110,"column":2},"end":{"line":110,"column":19}},"60":{"start":{"line":113,"column":0},"end":{"line":115,"column":3}},"61":{"start":{"line":114,"column":2},"end":{"line":114,"column":19}},"62":{"start":{"line":117,"column":0},"end":{"line":117,"column":61}},"63":{"start":{"line":119,"column":0},"end":{"line":122,"column":2}},"64":{"start":{"line":124,"column":0},"end":{"line":128,"column":5}},"65":{"start":{"line":127,"column":4},"end":{"line":127,"column":26}},"66":{"start":{"line":130,"column":0},"end":{"line":130,"column":30}},"67":{"start":{"line":131,"column":0},"end":{"line":131,"column":29}},"68":{"start":{"line":132,"column":0},"end":{"line":132,"column":33}},"69":{"start":{"line":133,"column":0},"end":{"line":133,"column":40}},"70":{"start":{"line":134,"column":0},"end":{"line":134,"column":44}},"71":{"start":{"line":135,"column":0},"end":{"line":135,"column":33}},"72":{"start":{"line":136,"column":0},"end":{"line":136,"column":34}},"73":{"start":{"line":138,"column":0},"end":{"line":140,"column":3}},"74":{"start":{"line":139,"column":1},"end":{"line":139,"column":26}},"75":{"start":{"line":139,"column":9},"end":{"line":139,"column":26}},"76":{"start":{"line":142,"column":0},"end":{"line":142,"column":36}},"77":{"start":{"line":143,"column":0},"end":{"line":145,"column":3}},"78":{"start":{"line":144,"column":2},"end":{"line":144,"column":53}},"79":{"start":{"line":147,"column":0},"end":{"line":150,"column":1}},"80":{"start":{"line":148,"column":2},"end":{"line":148,"column":47}},"81":{"start":{"line":148,"column":31},"end":{"line":148,"column":45}},"82":{"start":{"line":149,"column":4},"end":{"line":149,"column":18}},"83":{"start":{"line":152,"column":0},"end":{"line":152,"column":21}}},"branchMap":{"1":{"line":29,"type":"if","locations":[{"start":{"line":29,"column":3},"end":{"line":29,"column":3}},{"start":{"line":29,"column":3},"end":{"line":29,"column":3}}]},"2":{"line":34,"type":"if","locations":[{"start":{"line":34,"column":5},"end":{"line":34,"column":5}},{"start":{"line":34,"column":5},"end":{"line":34,"column":5}}]},"3":{"line":35,"type":"if","locations":[{"start":{"line":35,"column":5},"end":{"line":35,"column":5}},{"start":{"line":35,"column":5},"end":{"line":35,"column":5}}]},"4":{"line":42,"type":"if","locations":[{"start":{"line":42,"column":9},"end":{"line":42,"column":9}},{"start":{"line":42,"column":9},"end":{"line":42,"column":9}}]},"5":{"line":62,"type":"if","locations":[{"start":{"line":62,"column":2},"end":{"line":62,"column":2}},{"start":{"line":62,"column":2},"end":{"line":62,"column":2}}]},"6":{"line":68,"type":"if","locations":[{"start":{"line":68,"column":5},"end":{"line":68,"column":5}},{"start":{"line":68,"column":5},"end":{"line":68,"column":5}}]},"7":{"line":69,"type":"if","locations":[{"start":{"line":69,"column":5},"end":{"line":69,"column":5}},{"start":{"line":69,"column":5},"end":{"line":69,"column":5}}]},"8":{"line":77,"type":"if","locations":[{"start":{"line":77,"column":9},"end":{"line":77,"column":9}},{"start":{"line":77,"column":9},"end":{"line":77,"column":9}}]},"9":{"line":139,"type":"if","locations":[{"start":{"line":139,"column":1},"end":{"line":139,"column":1}},{"start":{"line":139,"column":1},"end":{"line":139,"column":1}}]},"10":{"line":142,"type":"binary-expr","locations":[{"start":{"line":142,"column":11},"end":{"line":142,"column":27}},{"start":{"line":142,"column":31},"end":{"line":142,"column":35}}]},"11":{"line":148,"type":"if","locations":[{"start":{"line":148,"column":2},"end":{"line":148,"column":2}},{"start":{"line":148,"column":2},"end":{"line":148,"column":2}}]}}},"/home/keenan/Documents/js_class/twotter/models/userModel.js":{"path":"/home/keenan/Documents/js_class/twotter/models/userModel.js","s":{"1":1,"2":1,"3":1},"b":{},"f":{},"fnMap":{},"statementMap":{"1":{"start":{"line":1,"column":0},"end":{"line":1,"column":35}},"2":{"start":{"line":3,"column":0},"end":{"line":9,"column":26}},"3":{"start":{"line":11,"column":0},"end":{"line":11,"column":47}}},"branchMap":{}},"/home/keenan/Documents/js_class/twotter/auth.js":{"path":"/home/keenan/Documents/js_class/twotter/auth.js","s":{"1":1},"b":{},"f":{},"fnMap":{},"statementMap":{"1":{"start":{"line":2,"column":0},"end":{"line":6,"column":3}}},"branchMap":{}},"/home/keenan/Documents/js_class/twotter/routes/index.js":{"path":"/home/keenan/Documents/js_class/twotter/routes/index.js","s":{"1":1,"2":1,"3":1,"4":1,"5":1,"6":1,"7":0,"8":1,"9":1,"10":1,"11":1,"12":1,"13":1,"14":0,"15":1,"16":1,"17":0,"18":1,"19":1,"20":1,"21":1,"22":1,"23":1,"24":1,"25":0,"26":1,"27":0,"28":1,"29":0,"30":0,"31":0,"32":1,"33":1,"34":1,"35":1,"36":1,"37":1,"38":1,"39":1,"40":0,"41":1,"42":1,"43":1,"44":1,"45":1,"46":1,"47":0,"48":1,"49":1,"50":1,"51":0,"52":1,"53":0,"54":1},"b":{"1":[0,1],"2":[0,1],"3":[0,1],"4":[0,1],"5":[0,1]},"f":{"1":0,"2":1,"3":1,"4":1,"5":1,"6":1,"7":1,"8":0,"9":1,"10":1,"11":1,"12":1,"13":0,"14":0},"fnMap":{"1":{"name":"(anonymous_1)","line":8,"loc":{"start":{"line":8,"column":14},"end":{"line":8,"column":32}}},"2":{"name":"(anonymous_2)","line":12,"loc":{"start":{"line":12,"column":19},"end":{"line":12,"column":37}}},"3":{"name":"(anonymous_3)","line":18,"loc":{"start":{"line":18,"column":14},"end":{"line":18,"column":32}}},"4":{"name":"(anonymous_4)","line":22,"loc":{"start":{"line":22,"column":36},"end":{"line":22,"column":57}}},"5":{"name":"(anonymous_5)","line":25,"loc":{"start":{"line":25,"column":39},"end":{"line":25,"column":59}}},"6":{"name":"(anonymous_6)","line":37,"loc":{"start":{"line":37,"column":18},"end":{"line":37,"column":36}}},"7":{"name":"(anonymous_7)","line":41,"loc":{"start":{"line":41,"column":25},"end":{"line":41,"column":45}}},"8":{"name":"(anonymous_8)","line":51,"loc":{"start":{"line":51,"column":16},"end":{"line":52,"column":0}}},"9":{"name":"(anonymous_9)","line":58,"loc":{"start":{"line":58,"column":18},"end":{"line":58,"column":36}}},"10":{"name":"(anonymous_10)","line":70,"loc":{"start":{"line":70,"column":13},"end":{"line":70,"column":31}}},"11":{"name":"(anonymous_11)","line":79,"loc":{"start":{"line":79,"column":16},"end":{"line":79,"column":34}}},"12":{"name":"(anonymous_12)","line":81,"loc":{"start":{"line":81,"column":52},"end":{"line":81,"column":70}}},"13":{"name":"(anonymous_13)","line":91,"loc":{"start":{"line":91,"column":29},"end":{"line":91,"column":48}}},"14":{"name":"(anonymous_14)","line":96,"loc":{"start":{"line":96,"column":17},"end":{"line":96,"column":35}}}},"statementMap":{"1":{"start":{"line":1,"column":0},"end":{"line":1,"column":27}},"2":{"start":{"line":2,"column":0},"end":{"line":2,"column":33}},"3":{"start":{"line":3,"column":0},"end":{"line":3,"column":42}},"4":{"start":{"line":4,"column":0},"end":{"line":4,"column":44}},"5":{"start":{"line":6,"column":0},"end":{"line":6,"column":16}},"6":{"start":{"line":8,"column":0},"end":{"line":10,"column":1}},"7":{"start":{"line":9,"column":2},"end":{"line":9,"column":22}},"8":{"start":{"line":12,"column":0},"end":{"line":16,"column":1}},"9":{"start":{"line":14,"column":2},"end":{"line":14,"column":22}},"10":{"start":{"line":18,"column":0},"end":{"line":35,"column":1}},"11":{"start":{"line":20,"column":2},"end":{"line":20,"column":45}},"12":{"start":{"line":22,"column":2},"end":{"line":34,"column":5}},"13":{"start":{"line":23,"column":4},"end":{"line":33,"column":5}},"14":{"start":{"line":23,"column":13},"end":{"line":23,"column":30}},"15":{"start":{"line":25,"column":6},"end":{"line":32,"column":9}},"16":{"start":{"line":26,"column":8},"end":{"line":31,"column":9}},"17":{"start":{"line":26,"column":17},"end":{"line":26,"column":33}},"18":{"start":{"line":28,"column":10},"end":{"line":28,"column":85}},"19":{"start":{"line":29,"column":10},"end":{"line":29,"column":51}},"20":{"start":{"line":30,"column":10},"end":{"line":30,"column":32}},"21":{"start":{"line":37,"column":0},"end":{"line":49,"column":1}},"22":{"start":{"line":39,"column":2},"end":{"line":39,"column":24}},"23":{"start":{"line":41,"column":2},"end":{"line":48,"column":5}},"24":{"start":{"line":42,"column":4},"end":{"line":47,"column":5}},"25":{"start":{"line":42,"column":13},"end":{"line":42,"column":30}},"26":{"start":{"line":45,"column":6},"end":{"line":45,"column":52}},"27":{"start":{"line":46,"column":6},"end":{"line":46,"column":22}},"28":{"start":{"line":51,"column":0},"end":{"line":56,"column":1}},"29":{"start":{"line":53,"column":2},"end":{"line":53,"column":27}},"30":{"start":{"line":54,"column":2},"end":{"line":54,"column":15}},"31":{"start":{"line":55,"column":2},"end":{"line":55,"column":20}},"32":{"start":{"line":58,"column":0},"end":{"line":77,"column":1}},"33":{"start":{"line":60,"column":2},"end":{"line":60,"column":29}},"34":{"start":{"line":61,"column":2},"end":{"line":61,"column":23}},"35":{"start":{"line":62,"column":2},"end":{"line":62,"column":27}},"36":{"start":{"line":64,"column":2},"end":{"line":67,"column":5}},"37":{"start":{"line":68,"column":2},"end":{"line":68,"column":21}},"38":{"start":{"line":70,"column":2},"end":{"line":76,"column":5}},"39":{"start":{"line":71,"column":4},"end":{"line":75,"column":5}},"40":{"start":{"line":71,"column":13},"end":{"line":71,"column":30}},"41":{"start":{"line":73,"column":6},"end":{"line":73,"column":76}},"42":{"start":{"line":74,"column":6},"end":{"line":74,"column":20}},"43":{"start":{"line":79,"column":0},"end":{"line":88,"column":1}},"44":{"start":{"line":80,"column":2},"end":{"line":80,"column":34}},"45":{"start":{"line":81,"column":2},"end":{"line":87,"column":5}},"46":{"start":{"line":82,"column":4},"end":{"line":86,"column":5}},"47":{"start":{"line":82,"column":13},"end":{"line":82,"column":30}},"48":{"start":{"line":84,"column":6},"end":{"line":84,"column":72}},"49":{"start":{"line":85,"column":6},"end":{"line":85,"column":20}},"50":{"start":{"line":91,"column":0},"end":{"line":94,"column":2}},"51":{"start":{"line":93,"column":2},"end":{"line":93,"column":32}},"52":{"start":{"line":96,"column":0},"end":{"line":98,"column":1}},"53":{"start":{"line":97,"column":2},"end":{"line":97,"column":24}},"54":{"start":{"line":100,"column":0},"end":{"line":100,"column":24}}},"branchMap":{"1":{"line":23,"type":"if","locations":[{"start":{"line":23,"column":4},"end":{"line":23,"column":4}},{"start":{"line":23,"column":4},"end":{"line":23,"column":4}}]},"2":{"line":26,"type":"if","locations":[{"start":{"line":26,"column":8},"end":{"line":26,"column":8}},{"start":{"line":26,"column":8},"end":{"line":26,"column":8}}]},"3":{"line":42,"type":"if","locations":[{"start":{"line":42,"column":4},"end":{"line":42,"column":4}},{"start":{"line":42,"column":4},"end":{"line":42,"column":4}}]},"4":{"line":71,"type":"if","locations":[{"start":{"line":71,"column":4},"end":{"line":71,"column":4}},{"start":{"line":71,"column":4},"end":{"line":71,"column":4}}]},"5":{"line":82,"type":"if","locations":[{"start":{"line":82,"column":4},"end":{"line":82,"column":4}},{"start":{"line":82,"column":4},"end":{"line":82,"column":4}}]}}},"/home/keenan/Documents/js_class/twotter/models/twoteModel.js":{"path":"/home/keenan/Documents/js_class/twotter/models/twoteModel.js","s":{"1":1,"2":1,"3":1},"b":{},"f":{},"fnMap":{},"statementMap":{"1":{"start":{"line":1,"column":0},"end":{"line":1,"column":35}},"2":{"start":{"line":3,"column":0},"end":{"line":9,"column":27}},"3":{"start":{"line":11,"column":0},"end":{"line":11,"column":49}}},"branchMap":{}}}