TN:
SF:/home/keenan/Documents/js_class/twotter/app.js
FN:23,(anonymous_1)
FN:32,(anonymous_2)
FN:40,(anonymous_3)
FN:59,(anonymous_4)
FN:66,(anonymous_5)
FN:75,(anonymous_6)
FN:109,(anonymous_7)
FN:113,(anonymous_8)
FN:126,(anonymous_9)
FN:138,(anonymous_10)
FN:143,(anonymous_11)
FN:147,ensureAuthenticated
FNF:12
FNH:2
FNDA:0,(anonymous_1)
FNDA:0,(anonymous_2)
FNDA:0,(anonymous_3)
FNDA:0,(anonymous_4)
FNDA:0,(anonymous_5)
FNDA:0,(anonymous_6)
FNDA:0,(anonymous_7)
FNDA:0,(anonymous_8)
FNDA:0,(anonymous_9)
FNDA:1,(anonymous_10)
FNDA:1,(anonymous_11)
FNDA:0,ensureAuthenticated
DA:1,1
DA:2,1
DA:3,1
DA:4,1
DA:5,1
DA:6,1
DA:7,1
DA:8,1
DA:9,1
DA:10,1
DA:11,1
DA:12,1
DA:14,1
DA:15,1
DA:17,1
DA:24,0
DA:25,0
DA:26,0
DA:27,0
DA:29,0
DA:30,0
DA:32,0
DA:34,0
DA:35,0
DA:36,0
DA:40,0
DA:42,0
DA:44,0
DA:49,0
DA:53,0
DA:58,1
DA:62,0
DA:63,0
DA:66,0
DA:68,0
DA:69,0
DA:70,0
DA:75,0
DA:77,0
DA:79,0
DA:84,0
DA:88,0
DA:92,1
DA:94,1
DA:95,1
DA:97,1
DA:98,1
DA:99,1
DA:100,1
DA:101,1
DA:102,1
DA:105,1
DA:106,1
DA:109,1
DA:110,0
DA:113,1
DA:114,0
DA:117,1
DA:119,1
DA:124,1
DA:127,0
DA:130,1
DA:131,1
DA:132,1
DA:133,1
DA:134,1
DA:135,1
DA:136,1
DA:138,1
DA:139,1
DA:142,1
DA:143,1
DA:144,1
DA:147,1
DA:148,0
DA:149,0
DA:152,1
LF:77
LH:46
BRDA:29,1,0,0
BRDA:29,1,1,0
BRDA:34,2,0,0
BRDA:34,2,1,0
BRDA:35,3,0,0
BRDA:35,3,1,0
BRDA:42,4,0,0
BRDA:42,4,1,0
BRDA:62,5,0,0
BRDA:62,5,1,0
BRDA:68,6,0,0
BRDA:68,6,1,0
BRDA:69,7,0,0
BRDA:69,7,1,0
BRDA:77,8,0,0
BRDA:77,8,1,0
BRDA:139,9,0,0
BRDA:139,9,1,1
BRDA:142,10,0,1
BRDA:142,10,1,1
BRDA:148,11,0,0
BRDA:148,11,1,0
BRF:22
BRH:3
end_of_record
TN:
SF:/home/keenan/Documents/js_class/twotter/models/userModel.js
FNF:0
FNH:0
DA:1,1
DA:3,1
DA:11,1
LF:3
LH:3
BRF:0
BRH:0
end_of_record
TN:
SF:/home/keenan/Documents/js_class/twotter/auth.js
FNF:0
FNH:0
DA:2,1
LF:1
LH:1
BRF:0
BRH:0
end_of_record
TN:
SF:/home/keenan/Documents/js_class/twotter/routes/index.js
FN:8,(anonymous_1)
FN:12,(anonymous_2)
FN:18,(anonymous_3)
FN:22,(anonymous_4)
FN:25,(anonymous_5)
FN:37,(anonymous_6)
FN:41,(anonymous_7)
FN:51,(anonymous_8)
FN:58,(anonymous_9)
FN:70,(anonymous_10)
FN:79,(anonymous_11)
FN:81,(anonymous_12)
FN:91,(anonymous_13)
FN:96,(anonymous_14)
FNF:14
FNH:10
FNDA:0,(anonymous_1)
FNDA:1,(anonymous_2)
FNDA:1,(anonymous_3)
FNDA:1,(anonymous_4)
FNDA:1,(anonymous_5)
FNDA:1,(anonymous_6)
FNDA:1,(anonymous_7)
FNDA:0,(anonymous_8)
FNDA:1,(anonymous_9)
FNDA:1,(anonymous_10)
FNDA:1,(anonymous_11)
FNDA:1,(anonymous_12)
FNDA:0,(anonymous_13)
FNDA:0,(anonymous_14)
DA:1,1
DA:2,1
DA:3,1
DA:4,1
DA:6,1
DA:8,1
DA:9,0
DA:12,1
DA:14,1
DA:18,1
DA:20,1
DA:22,1
DA:23,1
DA:25,1
DA:26,1
DA:28,1
DA:29,1
DA:30,1
DA:37,1
DA:39,1
DA:41,1
DA:42,1
DA:45,1
DA:46,0
DA:51,1
DA:53,0
DA:54,0
DA:55,0
DA:58,1
DA:60,1
DA:61,1
DA:62,1
DA:64,1
DA:68,1
DA:70,1
DA:71,1
DA:73,1
DA:74,1
DA:79,1
DA:80,1
DA:81,1
DA:82,1
DA:84,1
DA:85,1
DA:91,1
DA:93,0
DA:96,1
DA:97,0
DA:100,1
LF:49
LH:42
BRDA:23,1,0,0
BRDA:23,1,1,1
BRDA:26,2,0,0
BRDA:26,2,1,1
BRDA:42,3,0,0
BRDA:42,3,1,1
BRDA:71,4,0,0
BRDA:71,4,1,1
BRDA:82,5,0,0
BRDA:82,5,1,1
BRF:10
BRH:5
end_of_record
TN:
SF:/home/keenan/Documents/js_class/twotter/models/twoteModel.js
FNF:0
FNH:0
DA:1,1
DA:3,1
DA:11,1
LF:3
LH:3
BRF:0
BRH:0
end_of_record
